<?xml version="1.0" encoding="UTF-8"?>
<testsuite xmlns:xsi="http://www.w3.org/2001/XMLSchema-instance" xsi:noNamespaceSchemaLocation="https://maven.apache.org/surefire/maven-surefire-plugin/xsd/surefire-test-report.xsd" version="3.0.2" name="com.practice.uchebnayapraktika.UchebnayaPraktikaApplicationTests" time="5.373" tests="1" errors="0" skipped="0" failures="0">
  <properties>
[...]
</properties>
  <testcase name="contextLoads" classname="com.practice.uchebnayapraktika.UchebnayaPraktikaApplicationTests" time="0.418">
    <system-out><![CDATA[05:07:26.658 [main] INFO org.springframework.test.context.support.AnnotationConfigContextLoaderUtils -- Could not detect default configuration classes for test class [com.practice.uchebnayapraktika.UchebnayaPraktikaApplicationTests]: UchebnayaPraktikaApplicationTests does not declare any static, non-private, non-final, nested classes annotated with @Configuration.
05:07:26.795 [main] INFO org.springframework.boot.test.context.SpringBootTestContextBootstrapper -- Found @SpringBootConfiguration com.practice.uchebnayapraktika.UchebnayaPraktikaApplication for test class com.practice.uchebnayapraktika.UchebnayaPraktikaApplicationTests

  .   ____          _            __ _ _
 /\\ / ___'_ __ _ _(_)_ __  __ _ \ \ \ \
( ( )\___ | '_ | '_| | '_ \/ _` | \ \ \ \
 \\/  ___)| |_)| | | | | || (_| |  ) ) ) )
  '  |____| .__|_| |_|_| |_\__, | / / / /
 =========|_|==============|___/=/_/_/_/

 :: Spring Boot ::                (v4.0.3)

2026-03-12T05:07:27.273+05:00  INFO 16032 --- [UchebnayaPraktika] [           main] c.p.u.UchebnayaPraktikaApplicationTests  : Starting UchebnayaPraktikaApplicationTests using Java 21.0.2 with PID 16032 (started by oreco in F:\UchebnayaPraktika\uchebnaya-praktika)
2026-03-12T05:07:27.275+05:00  INFO 16032 --- [UchebnayaPraktika] [           main] c.p.u.UchebnayaPraktikaApplicationTests  : No active profile set, falling back to 1 default profile: "default"
2026-03-12T05:07:28.011+05:00  INFO 16032 --- [UchebnayaPraktika] [           main] .s.d.r.c.RepositoryConfigurationDelegate : Bootstrapping Spring Data JPA repositories in DEFAULT mode.
2026-03-12T05:07:28.079+05:00  INFO 16032 --- [UchebnayaPraktika] [           main] .s.d.r.c.RepositoryConfigurationDelegate : Finished Spring Data repository scanning in 58 ms. Found 3 JPA repository interfaces.
2026-03-12T05:07:28.511+05:00  INFO 16032 --- [UchebnayaPraktika] [           main] org.hibernate.orm.jpa                    : HHH008540: Processing PersistenceUnitInfo [name: default]
2026-03-12T05:07:28.583+05:00  INFO 16032 --- [UchebnayaPraktika] [           main] org.hibernate.orm.core                   : HHH000001: Hibernate ORM core version 7.2.4.Final
2026-03-12T05:07:29.195+05:00  INFO 16032 --- [UchebnayaPraktika] [           main] o.s.o.j.p.SpringPersistenceUnitInfo      : No LoadTimeWeaver setup: ignoring JPA class transformer
2026-03-12T05:07:29.245+05:00  INFO 16032 --- [UchebnayaPraktika] [           main] com.zaxxer.hikari.HikariDataSource       : HikariPool-1 - Starting...
2026-03-12T05:07:29.482+05:00  INFO 16032 --- [UchebnayaPraktika] [           main] com.zaxxer.hikari.pool.HikariPool        : HikariPool-1 - Added connection org.postgresql.jdbc.PgConnection@5abc5854
2026-03-12T05:07:29.484+05:00  INFO 16032 --- [UchebnayaPraktika] [           main] com.zaxxer.hikari.HikariDataSource       : HikariPool-1 - Start completed.
2026-03-12T05:07:29.558+05:00  INFO 16032 --- [UchebnayaPraktika] [           main] org.hibernate.orm.connections.pooling    : HHH10001005: Database info:
	Database JDBC URL [jdbc:postgresql://localhost:5432/UchebnayaPraktika]
	Database driver: PostgreSQL JDBC Driver
	Database dialect: PostgreSQLDialect
	Database version: 16.2
	Default catalog/schema: UchebnayaPraktika/public
	Autocommit mode: undefined/unknown
	Isolation level: READ_COMMITTED [default READ_COMMITTED]
	JDBC fetch size: none
	Pool: DataSourceConnectionProvider
	Minimum pool size: undefined/unknown
	Maximum pool size: undefined/unknown
2026-03-12T05:07:30.623+05:00  INFO 16032 --- [UchebnayaPraktika] [           main] org.hibernate.orm.core                   : HHH000489: No JTA platform available (set 'hibernate.transaction.jta.platform' to enable JTA platform integration)
2026-03-12T05:07:30.630+05:00  INFO 16032 --- [UchebnayaPraktika] [           main] j.LocalContainerEntityManagerFactoryBean : Initialized JPA EntityManagerFactory for persistence unit 'default'
2026-03-12T05:07:30.726+05:00  INFO 16032 --- [UchebnayaPraktika] [           main] o.s.d.j.r.query.QueryEnhancerFactories   : Hibernate is in classpath; If applicable, HQL parser will be used.
2026-03-12T05:07:30.926+05:00  WARN 16032 --- [UchebnayaPraktika] [           main] JpaBaseConfiguration$JpaWebConfiguration : spring.jpa.open-in-view is enabled by default. Therefore, database queries may be performed during view rendering. Explicitly configure spring.jpa.open-in-view to disable this warning
2026-03-12T05:07:30.948+05:00  INFO 16032 --- [UchebnayaPraktika] [           main] o.s.b.w.a.WelcomePageHandlerMapping      : Adding welcome page template: index
2026-03-12T05:07:31.376+05:00  INFO 16032 --- [UchebnayaPraktika] [           main] c.p.u.UchebnayaPraktikaApplicationTests  : Started UchebnayaPraktikaApplicationTests in 4.4 seconds (process running for 5.716)
]]></system-out>
    <system-err><![CDATA[Mockito is currently self-attaching to enable the inline-mock-maker. This will no longer work in future releases of the JDK. Please add Mockito as an agent to your build as described in Mockito's documentation: https://javadoc.io/doc/org.mockito/mockito-core/latest/org.mockito/org/mockito/Mockito.html#0.3
WARNING: A Java agent has been loaded dynamically (C:\Users\oreco\.m2\repository\net\bytebuddy\byte-buddy-agent\1.17.8\byte-buddy-agent-1.17.8.jar)
WARNING: If a serviceability tool is in use, please run with -XX:+EnableDynamicAgentLoading to hide this warning
WARNING: If a serviceability tool is not in use, please run with -Djdk.instrument.traceUsage for more information
WARNING: Dynamic loading of agents will be disallowed by default in a future release
]]></system-err>
  </testcase>
</testsuite>